<?xml version="1.0" encoding="UTF-8"?>
<!-- Generated by org.testng.reporters.JUnitReportReporter -->
<testsuite skipped="0" hostname="LAPTOP-CLIP7DDS" name="Restpackage.Restapi" tests="1" failures="0" timestamp="2020-12-12T20:02:38 IST" time="5.525" errors="0">
  <testcase name="getdetails" time="5.525" classname="Restpackage.Restapi"/>
  <system-out/>
</testsuite> <!-- Restpackage.Restapi -->
