<?xml version="1.0" encoding="UTF-8"?>
<!-- Generated by org.testng.reporters.JUnitReportReporter -->
<testsuite skipped="0" hostname="LAPTOP-CLIP7DDS" name="B2CHotel.traveller" tests="1" failures="0" timestamp="2021-01-09T13:09:07 IST" time="11.968" errors="0">
  <testcase name="hoteltraveller" time="11.968" classname="B2CHotel.traveller"/>
  <system-out/>
</testsuite> <!-- B2CHotel.traveller -->
