<?xml version="1.0" encoding="UTF-8"?>
<!-- Generated by org.testng.reporters.JUnitReportReporter -->
<testsuite skipped="0" hostname="LAPTOP-CLIP7DDS" name="Liveapi.Service" tests="1" failures="0" timestamp="2020-12-19T13:32:59 IST" time="38.805" errors="0">
  <testcase name="firstapitest" time="38.805" classname="Liveapi.Service"/>
  <system-out/>
</testsuite> <!-- Liveapi.Service -->
