<?xml version="1.0" encoding="UTF-8"?>
<!-- Generated by org.testng.reporters.JUnitReportReporter -->
<testsuite skipped="0" hostname="LAPTOP-CLIP7DDS" name="Liveapi.Service" tests="1" failures="0" timestamp="2021-01-04T20:51:39 IST" time="21.276" errors="0">
  <testcase name="firstapitest" time="21.276" classname="Liveapi.Service"/>
  <system-out/>
</testsuite> <!-- Liveapi.Service -->
