<?xml version="1.0" encoding="UTF-8"?>
<!-- Generated by org.testng.reporters.JUnitReportReporter -->
<testsuite skipped="0" hostname="LAPTOP-CLIP7DDS" name="B2CHotel.Hotelsearchrequest" tests="1" failures="0" timestamp="2021-01-09T12:32:40 IST" time="10.591" errors="0">
  <testcase name="Hotelsearch" time="10.591" classname="B2CHotel.Hotelsearchrequest"/>
  <system-out/>
</testsuite> <!-- B2CHotel.Hotelsearchrequest -->
